;  LST file generated by mikroListExporter - v.2.0 
; Date/Time: 8/31/2011 2:46:47 AM
;----------------------------------------------

;Address Opcode 	ASM
0x0000	0x2830      	GOTO       48
_interrupt:
0x0004	0x00DF      	MOVWF      R15
0x0005	0x0E03      	SWAPF      STATUS, 0
0x0006	0x0183      	CLRF       STATUS
0x0007	0x00A2      	MOVWF      ___saveSTATUS
0x0008	0x080A      	MOVF       PCLATH, 0
0x0009	0x00A3      	MOVWF      ___savePCLATH
0x000A	0x018A      	CLRF       PCLATH
;16F676 TIMER.c,25 :: 		void interrupt()
;16F676 TIMER.c,27 :: 		if (PIE1.TMR1IE==1)
0x000B	0x1683      	BSF        STATUS, 5
0x000C	0x1C0C      	BTFSS      PIE1, 0
0x000D	0x2817      	GOTO       L_interrupt2
;16F676 TIMER.c,29 :: 		if (PIR1.TMR1IF==1)
0x000E	0x1283      	BCF        STATUS, 5
0x000F	0x1C0C      	BTFSS      PIR1, 0
0x0010	0x2817      	GOTO       L_interrupt3
;16F676 TIMER.c,31 :: 		PORTC=~PORTC;
0x0011	0x0987      	COMF       PORTC, 1
;16F676 TIMER.c,32 :: 		PIR1.TMR1IF=0;
0x0012	0x100C      	BCF        PIR1, 0
;16F676 TIMER.c,33 :: 		TMR1H = 0xB;     // preset for timer1 MSB register
0x0013	0x300B      	MOVLW      11
0x0014	0x008F      	MOVWF      TMR1H
;16F676 TIMER.c,34 :: 		TMR1L = 0xDC;     // preset for timer1 LSB register
0x0015	0x30DC      	MOVLW      220
0x0016	0x008E      	MOVWF      TMR1L
;16F676 TIMER.c,35 :: 		}
L_interrupt3:
;16F676 TIMER.c,36 :: 		}
L_interrupt2:
;16F676 TIMER.c,37 :: 		}
L_end_interrupt:
L__interrupt6:
0x0017	0x0823      	MOVF       ___savePCLATH, 0
0x0018	0x008A      	MOVWF      PCLATH
0x0019	0x0E22      	SWAPF      ___saveSTATUS, 0
0x001A	0x0083      	MOVWF      STATUS
0x001B	0x0EDF      	SWAPF      R15, 1
0x001C	0x0E5F      	SWAPF      R15, 0
0x001D	0x0009      	RETFIE
; end of _interrupt
_____DoICP:
;__Lib_System.c,6 :: 		
;__Lib_System.c,9 :: 		
0x001E	0x1283      	BCF        STATUS, 5
0x001F	0x0821      	MOVF       ___DoICPAddr+1, 0
0x0020	0x008A      	MOVWF      PCLATH
;__Lib_System.c,10 :: 		
0x0021	0x0820      	MOVF       ___DoICPAddr, 0
0x0022	0x0082      	MOVWF      PCL
;__Lib_System.c,12 :: 		
L_end_____DoICP:
0x0023	0x0008      	RETURN
; end of _____DoICP
___CC2DW:
;__Lib_System.c,24 :: 		
;__Lib_System.c,27 :: 		
_CC2D_Loop1:
;__Lib_System.c,29 :: 		
0x0024	0x201E      	CALL       _____DoICP
0x0025	0x118A      	BCF        PCLATH, 3
0x0026	0x120A      	BCF        PCLATH, 4
;__Lib_System.c,31 :: 		
0x0027	0x0080      	MOVWF      INDF
;__Lib_System.c,32 :: 		
0x0028	0x0A84      	INCF       FSR, 1
;__Lib_System.c,33 :: 		
0x0029	0x0AA0      	INCF       ___DoICPAddr, 1
;__Lib_System.c,35 :: 		
0x002A	0x1903      	BTFSC      STATUS, 2
;__Lib_System.c,36 :: 		
0x002B	0x0AA1      	INCF       ___DoICPAddr+1, 1
;__Lib_System.c,37 :: 		
0x002C	0x03D0      	DECF       R0, 1
;__Lib_System.c,39 :: 		
0x002D	0x1D03      	BTFSS      STATUS, 2
;__Lib_System.c,40 :: 		
0x002E	0x2824      	GOTO       _CC2D_Loop1
;__Lib_System.c,42 :: 		
L_end___CC2DW:
0x002F	0x0008      	RETURN
; end of ___CC2DW
_main:
;16F676 TIMER.c,1 :: 		void main()
;16F676 TIMER.c,3 :: 		TRISA=0;
0x0030	0x1683      	BSF        STATUS, 5
0x0031	0x0185      	CLRF       TRISA
;16F676 TIMER.c,4 :: 		TRISC=0;
0x0032	0x0187      	CLRF       TRISC
;16F676 TIMER.c,5 :: 		ANSEL=0;
0x0033	0x0191      	CLRF       ANSEL
;16F676 TIMER.c,6 :: 		PORTA=255;
0x0034	0x30FF      	MOVLW      255
0x0035	0x1283      	BCF        STATUS, 5
0x0036	0x0085      	MOVWF      PORTA
;16F676 TIMER.c,7 :: 		PORTC=255;
0x0037	0x30FF      	MOVLW      255
0x0038	0x0087      	MOVWF      PORTC
;16F676 TIMER.c,10 :: 		T1CON=0;
0x0039	0x0190      	CLRF       T1CON
;16F676 TIMER.c,11 :: 		T1CON.T1CKPS1 = 1;// bits 5-4  Prescaler Rate Select bits
0x003A	0x1690      	BSF        T1CON, 5
;16F676 TIMER.c,12 :: 		T1CON.T1CKPS0 = 1;
0x003B	0x1610      	BSF        T1CON, 4
;16F676 TIMER.c,13 :: 		T1CON.T1OSCEN = 1;// bit 3 Timer1 Oscillator Enable Control: bit 1=on
0x003C	0x1590      	BSF        T1CON, 3
;16F676 TIMER.c,15 :: 		T1CON.TMR1CS  = 0;// bit 1 Timer1 Clock Source Select bit: 0=Internal clock (FOSC/4) / 1 = External clock from pin T1CKI (on the rising edge)
0x003D	0x1090      	BCF        T1CON, 1
;16F676 TIMER.c,16 :: 		T1CON.TMR1ON  = 1;// bit 0 enables timer
0x003E	0x1410      	BSF        T1CON, 0
;16F676 TIMER.c,17 :: 		TMR1H = 0xB;     // preset for timer1 MSB register
0x003F	0x300B      	MOVLW      11
0x0040	0x008F      	MOVWF      TMR1H
;16F676 TIMER.c,18 :: 		TMR1L = 0xDC;    // preset for timer1 LSB register
0x0041	0x30DC      	MOVLW      220
0x0042	0x008E      	MOVWF      TMR1L
;16F676 TIMER.c,20 :: 		PIE1.TMR1IE=1;
0x0043	0x1683      	BSF        STATUS, 5
0x0044	0x140C      	BSF        PIE1, 0
;16F676 TIMER.c,21 :: 		INTCON.GIE=1;
0x0045	0x178B      	BSF        INTCON, 7
;16F676 TIMER.c,22 :: 		while(1);
L_main0:
0x0046	0x2846      	GOTO       L_main0
;16F676 TIMER.c,23 :: 		}
L_end_main:
0x0047	0x2847      	GOTO       $+0
; end of _main
Symbol List:
//** Routines locations **
//ADDRESS    SIZE    PROCEDURE
//----------------------------------------------
0x0004      [26]    _interrupt
0x001E       [6]    _____DoICP
0x0024      [12]    ___CC2DW
0x0030      [24]    _main
//** Variables locations ** 
//ADDRESS    SIZE    VARIABLE
//----------------------------------------------
0x0000       [1]    INDF
0x0002       [1]    PCL
0x0003       [1]    STATUS
0x0004       [1]    FSR
0x0005       [1]    PORTA
0x0007       [1]    PORTC
0x000A       [1]    PCLATH
0x000B       [1]    INTCON
0x000C       [1]    PIR1
0x000E       [1]    TMR1L
0x000F       [1]    TMR1H
0x0010       [1]    T1CON
0x0019       [1]    CMCON
0x001F       [1]    ADCON0
0x0020       [2]    ___DoICPAddr
0x0022       [1]    ___saveSTATUS
0x0023       [1]    ___savePCLATH
0x0050       [1]    R0
0x0051       [1]    R1
0x0052       [1]    R2
0x0053       [1]    R3
0x0054       [1]    R4
0x0055       [1]    R5
0x0056       [1]    R6
0x0057       [1]    R7
0x0058       [1]    R8
0x0059       [1]    R9
0x005A       [1]    R10
0x005B       [1]    R11
0x005C       [1]    R12
0x005D       [1]    R13
0x005E       [1]    R14
0x005F       [1]    R15
0x0081       [1]    OPTION_REG
0x0085       [1]    TRISA
0x0087       [1]    TRISC
0x008C       [1]    PIE1
0x008E       [1]    PCON
0x0090       [1]    OSCCAL
0x0091       [1]    ANSEL
0x0095       [1]    WPU
0x0096       [1]    IOC
0x0096       [1]    IOCA
0x0099       [1]    VRCON
0x009C       [1]    EECON1
0x009F       [1]    ADCON1
//** Label List: ** 
//----------------------------------------------
  L_main0
  L_main1
  L_interrupt2
  L_interrupt3
  L_end_main
  _main
  L_end_interrupt
  _interrupt
  L__interrupt6
  L_end_P16F676___?ag
  P16F676____?ag
  _CC2D_Loop1
  L_end_____DoICP
  _____DoICP
  L_end_____DoIFC
  _____DoIFC
  L_end___CC2DW
  ___CC2DW
  L_end_Swap
  _Swap
  L_main0
  L_main1
  L_interrupt2
  L_interrupt3
  L_end_main
  _main
  L_end_interrupt
  _interrupt
  L__interrupt6
